[2025-08-02T06:48:31.390Z] {
  "ts": 1754117311362,
  "type": "say",
  "say": "text",
  "text": "Fix any issues in the following code from file path src\\app\\page.tsx:32-32\n\nCurrent problems detected:\n- [ts] Parameter 'e' implicitly has an 'any' type. (7006)\n\n\n```\ne\n```\n\nPlease:\n1. Address all detected problems listed above (if any)\n2. Identify any other potential bugs or issues\n3. Provide corrected code\n4. Explain what was fixed and why"
}
[2025-08-02T06:48:31.408Z] taskStarted -> b23f3781-c388-48d6-a515-9e011d7449b7
[2025-08-02T06:48:31.453Z] {
  "ts": 1754117311409,
  "type": "say",
  "say": "api_req_started",
  "text": "{\"request\":\"<task>\\nFix any issues in the following code from file path src\\\\app\\\\page.tsx:32-32\\n\\nCurrent problems detected:\\n- [ts] Parameter 'e' implicitly has an 'any' type. (7006)\\n\\n\\n```\\ne\\n```\\n\\nPlease:\\n1. Address all detected problems listed above (if any)\\n2. Identify any other potential bugs or issues\\n3. Provide corrected code\\n4. Explain what was fixed and why\\n</task>\\n\\nLoading...\"}"
}
[2025-08-02T06:48:32.237Z] {
  "ts": 1754117312133,
  "type": "ask",
  "ask": "api_req_failed",
  "text": "Could not resolve authentication method. Expected either apiKey or authToken to be set. Or for one of the \"X-Api-Key\" or \"Authorization\" headers to be explicitly omitted"
}
[2025-08-02T06:48:33.598Z] {
  "ts": 1754117313580,
  "type": "say",
  "say": "checkpoint_saved",
  "text": "bc88a8a60a7160e6e23fa475da1f1fac79ead627",
  "checkpoint": {
    "isFirst": true,
    "from": "bc88a8a60a7160e6e23fa475da1f1fac79ead627",
    "to": "bc88a8a60a7160e6e23fa475da1f1fac79ead627"
  }
}
[2025-08-02T06:48:33.780Z] {
  "ts": 1754117313750,
  "type": "ask",
  "ask": "resume_task"
}
